build/app/intermediates/manifest_merge_blame_file/release/manifest-merger-blame-release-report.txt
1<?xml version="1.0" encoding="utf-8"?>
2<manifest xmlns:android="http://schemas.android.com/apk/res/android"
3    package="com.assignment.assignment"
4    android:versionCode="4001"
5    android:versionName="1.0.0" >
6
7    <uses-sdk
8        android:minSdkVersion="21"
8-->src\main\AndroidManifest.xml
9        android:targetSdkVersion="34" />
9-->src\main\AndroidManifest.xml
10
11    <uses-permission android:name="android.permission.WRITE_EXTERNAL_STORAGE" />
11-->src\main\AndroidManifest.xml:2:5-81
11-->src\main\AndroidManifest.xml:2:22-78
12    <uses-permission android:name="android.permission.READ_EXTERNAL_STORAGE" />
12-->src\main\AndroidManifest.xml:3:5-80
12-->src\main\AndroidManifest.xml:3:22-77
13    <!--
14         Required to query activities that can process text, see:
15         https://developer.android.com/training/package-visibility?hl=en and
16         https://developer.android.com/reference/android/content/Intent#ACTION_PROCESS_TEXT.
17
18         In particular, this is used by the Flutter engine in io.flutter.plugin.text.ProcessTextPlugin.
19    -->
20    <queries>
20-->src\main\AndroidManifest.xml:40:5-45:15
21        <intent>
21-->src\main\AndroidManifest.xml:41:9-44:18
22            <action android:name="android.intent.action.PROCESS_TEXT" />
22-->src\main\AndroidManifest.xml:42:13-72
22-->src\main\AndroidManifest.xml:42:21-70
23
24            <data android:mimeType="text/plain" />
24-->src\main\AndroidManifest.xml:43:13-50
24-->src\main\AndroidManifest.xml:43:19-48
25        </intent>
26    </queries>
27
28    <permission
28-->[androidx.core:core:1.13.1] AndroidManifest.xml:22:5-24:47
29        android:name="com.assignment.assignment.DYNAMIC_RECEIVER_NOT_EXPORTED_PERMISSION"
29-->[androidx.core:core:1.13.1] AndroidManifest.xml:23:9-81
30        android:protectionLevel="signature" />
30-->[androidx.core:core:1.13.1] AndroidManifest.xml:24:9-44
31
32    <uses-permission android:name="com.assignment.assignment.DYNAMIC_RECEIVER_NOT_EXPORTED_PERMISSION" />
32-->[androidx.core:core:1.13.1] AndroidManifest.xml:26:5-97
32-->[androidx.core:core:1.13.1] AndroidManifest.xml:26:22-94
33
34    <application
35        android:name="android.app.Application"
35-->src\main\AndroidManifest.xml:6:9-42
36        android:appComponentFactory="androidx.core.app.CoreComponentFactory"
36-->[androidx.core:core:1.13.1] AndroidManifest.xml:28:18-86
37        android:icon="@mipmap/ic_launcher"
37-->src\main\AndroidManifest.xml:7:9-43
38        android:label="assignment" >
38-->src\main\AndroidManifest.xml:5:9-35
39        <activity
39-->src\main\AndroidManifest.xml:8:9-28:20
40            android:name="com.assignment.assignment.MainActivity"
40-->src\main\AndroidManifest.xml:9:13-41
41            android:configChanges="orientation|keyboardHidden|keyboard|screenSize|smallestScreenSize|locale|layoutDirection|fontScale|screenLayout|density|uiMode"
41-->src\main\AndroidManifest.xml:13:13-163
42            android:exported="true"
42-->src\main\AndroidManifest.xml:10:13-36
43            android:hardwareAccelerated="true"
43-->src\main\AndroidManifest.xml:14:13-47
44            android:launchMode="singleTop"
44-->src\main\AndroidManifest.xml:11:13-43
45            android:theme="@style/LaunchTheme"
45-->src\main\AndroidManifest.xml:12:13-47
46            android:windowSoftInputMode="adjustResize" >
46-->src\main\AndroidManifest.xml:15:13-55
47
48            <!--
49                 Specifies an Android theme to apply to this Activity as soon as
50                 the Android process has started. This theme is visible to the user
51                 while the Flutter UI initializes. After that, this theme continues
52                 to determine the Window background behind the Flutter UI.
53            -->
54            <meta-data
54-->src\main\AndroidManifest.xml:20:13-23:17
55                android:name="io.flutter.embedding.android.NormalTheme"
55-->src\main\AndroidManifest.xml:21:15-70
56                android:resource="@style/NormalTheme" />
56-->src\main\AndroidManifest.xml:22:15-52
57
58            <intent-filter>
58-->src\main\AndroidManifest.xml:24:13-27:29
59                <action android:name="android.intent.action.MAIN" />
59-->src\main\AndroidManifest.xml:25:17-68
59-->src\main\AndroidManifest.xml:25:25-66
60
61                <category android:name="android.intent.category.LAUNCHER" />
61-->src\main\AndroidManifest.xml:26:17-76
61-->src\main\AndroidManifest.xml:26:27-74
62            </intent-filter>
63        </activity>
64        <!--
65             Don't delete the meta-data below.
66             This is used by the Flutter tool to generate GeneratedPluginRegistrant.java
67        -->
68        <meta-data
68-->src\main\AndroidManifest.xml:31:9-33:33
69            android:name="flutterEmbedding"
69-->src\main\AndroidManifest.xml:32:13-44
70            android:value="2" />
70-->src\main\AndroidManifest.xml:33:13-30
71        <!--
72           Declares a provider which allows us to store files to share in
73           '.../caches/share_plus' and grant the receiving action access
74        -->
75        <provider
75-->[:share_plus] AndroidManifest.xml:15:9-23:20
76            android:name="dev.fluttercommunity.plus.share.ShareFileProvider"
76-->[:share_plus] AndroidManifest.xml:16:13-77
77            android:authorities="com.assignment.assignment.flutter.share_provider"
77-->[:share_plus] AndroidManifest.xml:17:13-74
78            android:exported="false"
78-->[:share_plus] AndroidManifest.xml:18:13-37
79            android:grantUriPermissions="true" >
79-->[:share_plus] AndroidManifest.xml:19:13-47
80            <meta-data
80-->[:share_plus] AndroidManifest.xml:20:13-22:68
81                android:name="android.support.FILE_PROVIDER_PATHS"
81-->[:share_plus] AndroidManifest.xml:21:17-67
82                android:resource="@xml/flutter_share_file_paths" />
82-->[:share_plus] AndroidManifest.xml:22:17-65
83        </provider>
84        <!--
85           This manifest declared broadcast receiver allows us to use an explicit
86           Intent when creating a PendingItent to be informed of the user's choice
87        -->
88        <receiver
88-->[:share_plus] AndroidManifest.xml:28:9-34:20
89            android:name="dev.fluttercommunity.plus.share.SharePlusPendingIntent"
89-->[:share_plus] AndroidManifest.xml:29:13-82
90            android:exported="false" >
90-->[:share_plus] AndroidManifest.xml:30:13-37
91            <intent-filter>
91-->[:share_plus] AndroidManifest.xml:31:13-33:29
92                <action android:name="EXTRA_CHOSEN_COMPONENT" />
92-->[:share_plus] AndroidManifest.xml:32:17-65
92-->[:share_plus] AndroidManifest.xml:32:25-62
93            </intent-filter>
94        </receiver>
95
96        <uses-library
96-->[androidx.window:window:1.2.0] AndroidManifest.xml:23:9-25:40
97            android:name="androidx.window.extensions"
97-->[androidx.window:window:1.2.0] AndroidManifest.xml:24:13-54
98            android:required="false" />
98-->[androidx.window:window:1.2.0] AndroidManifest.xml:25:13-37
99        <uses-library
99-->[androidx.window:window:1.2.0] AndroidManifest.xml:26:9-28:40
100            android:name="androidx.window.sidecar"
100-->[androidx.window:window:1.2.0] AndroidManifest.xml:27:13-51
101            android:required="false" />
101-->[androidx.window:window:1.2.0] AndroidManifest.xml:28:13-37
102
103        <provider
103-->[androidx.lifecycle:lifecycle-process:2.7.0] AndroidManifest.xml:24:9-32:20
104            android:name="androidx.startup.InitializationProvider"
104-->[androidx.lifecycle:lifecycle-process:2.7.0] AndroidManifest.xml:25:13-67
105            android:authorities="com.assignment.assignment.androidx-startup"
105-->[androidx.lifecycle:lifecycle-process:2.7.0] AndroidManifest.xml:26:13-68
106            android:exported="false" >
106-->[androidx.lifecycle:lifecycle-process:2.7.0] AndroidManifest.xml:27:13-37
107            <meta-data
107-->[androidx.lifecycle:lifecycle-process:2.7.0] AndroidManifest.xml:29:13-31:52
108                android:name="androidx.lifecycle.ProcessLifecycleInitializer"
108-->[androidx.lifecycle:lifecycle-process:2.7.0] AndroidManifest.xml:30:17-78
109                android:value="androidx.startup" />
109-->[androidx.lifecycle:lifecycle-process:2.7.0] AndroidManifest.xml:31:17-49
110            <meta-data
110-->[androidx.profileinstaller:profileinstaller:1.3.1] AndroidManifest.xml:29:13-31:52
111                android:name="androidx.profileinstaller.ProfileInstallerInitializer"
111-->[androidx.profileinstaller:profileinstaller:1.3.1] AndroidManifest.xml:30:17-85
112                android:value="androidx.startup" />
112-->[androidx.profileinstaller:profileinstaller:1.3.1] AndroidManifest.xml:31:17-49
113        </provider>
114
115        <receiver
115-->[androidx.profileinstaller:profileinstaller:1.3.1] AndroidManifest.xml:34:9-52:20
116            android:name="androidx.profileinstaller.ProfileInstallReceiver"
116-->[androidx.profileinstaller:profileinstaller:1.3.1] AndroidManifest.xml:35:13-76
117            android:directBootAware="false"
117-->[androidx.profileinstaller:profileinstaller:1.3.1] AndroidManifest.xml:36:13-44
118            android:enabled="true"
118-->[androidx.profileinstaller:profileinstaller:1.3.1] AndroidManifest.xml:37:13-35
119            android:exported="true"
119-->[androidx.profileinstaller:profileinstaller:1.3.1] AndroidManifest.xml:38:13-36
120            android:permission="android.permission.DUMP" >
120-->[androidx.profileinstaller:profileinstaller:1.3.1] AndroidManifest.xml:39:13-57
121            <intent-filter>
121-->[androidx.profileinstaller:profileinstaller:1.3.1] AndroidManifest.xml:40:13-42:29
122                <action android:name="androidx.profileinstaller.action.INSTALL_PROFILE" />
122-->[androidx.profileinstaller:profileinstaller:1.3.1] AndroidManifest.xml:41:17-91
122-->[androidx.profileinstaller:profileinstaller:1.3.1] AndroidManifest.xml:41:25-88
123            </intent-filter>
124            <intent-filter>
124-->[androidx.profileinstaller:profileinstaller:1.3.1] AndroidManifest.xml:43:13-45:29
125                <action android:name="androidx.profileinstaller.action.SKIP_FILE" />
125-->[androidx.profileinstaller:profileinstaller:1.3.1] AndroidManifest.xml:44:17-85
125-->[androidx.profileinstaller:profileinstaller:1.3.1] AndroidManifest.xml:44:25-82
126            </intent-filter>
127            <intent-filter>
127-->[androidx.profileinstaller:profileinstaller:1.3.1] AndroidManifest.xml:46:13-48:29
128                <action android:name="androidx.profileinstaller.action.SAVE_PROFILE" />
128-->[androidx.profileinstaller:profileinstaller:1.3.1] AndroidManifest.xml:47:17-88
128-->[androidx.profileinstaller:profileinstaller:1.3.1] AndroidManifest.xml:47:25-85
129            </intent-filter>
130            <intent-filter>
130-->[androidx.profileinstaller:profileinstaller:1.3.1] AndroidManifest.xml:49:13-51:29
131                <action android:name="androidx.profileinstaller.action.BENCHMARK_OPERATION" />
131-->[androidx.profileinstaller:profileinstaller:1.3.1] AndroidManifest.xml:50:17-95
131-->[androidx.profileinstaller:profileinstaller:1.3.1] AndroidManifest.xml:50:25-92
132            </intent-filter>
133        </receiver>
134    </application>
135
136</manifest>